<?xml version="1.0" encoding="UTF-8"?>
<testng-results ignored="0" total="1" passed="1" failed="0" skipped="0">
  <reporter-output>
  </reporter-output>
  <suite started-at="2024-12-12T12:15:47 IST" name="Default suite" finished-at="2024-12-12T12:16:09 IST" duration-ms="22113">
    <groups>
    </groups>
    <test started-at="2024-12-12T12:15:47 IST" name="Default test" finished-at="2024-12-12T12:16:09 IST" duration-ms="22113">
      <class name="org.tyss.flinkpay.testcases.SimulateSwiftTxnsAndVerify_Inbound_Test">
        <test-method is-config="true" signature="configBS()[pri:0, instance:org.tyss.flinkpay.testcases.SimulateSwiftTxnsAndVerify_Inbound_Test@aba625]" started-at="2024-12-12T12:15:46 IST" name="configBS" finished-at="2024-12-12T12:15:47 IST" duration-ms="473" status="PASS">
          <reporter-output>
          </reporter-output>
        </test-method> <!-- configBS -->
        <test-method is-config="true" signature="configBC()[pri:0, instance:org.tyss.flinkpay.testcases.SimulateSwiftTxnsAndVerify_Inbound_Test@aba625]" started-at="2024-12-12T12:15:47 IST" name="configBC" finished-at="2024-12-12T12:15:51 IST" duration-ms="4033" status="PASS">
          <reporter-output>
          </reporter-output>
        </test-method> <!-- configBC -->
        <test-method is-config="true" signature="configBM(org.testng.ITestResult)[pri:0, instance:org.tyss.flinkpay.testcases.SimulateSwiftTxnsAndVerify_Inbound_Test@aba625]" started-at="2024-12-12T12:15:51 IST" name="configBM" finished-at="2024-12-12T12:15:51 IST" duration-ms="310" status="PASS">
          <params>
            <param index="0">
              <value>
                <![CDATA[[TestResult name={null} status=CREATED method=SimulateSwiftTxnsAndVerify_Inbound_Test.simulateSwiftTxnsAndVerify()[pri:0, instance:org.tyss.flinkpay.testcases.SimulateSwiftTxnsAndVerify_Inbound_Test@aba625] output={null}]]]>
              </value>
            </param>
          </params>
          <reporter-output>
          </reporter-output>
        </test-method> <!-- configBM -->
        <test-method signature="simulateSwiftTxnsAndVerify()[pri:0, instance:org.tyss.flinkpay.testcases.SimulateSwiftTxnsAndVerify_Inbound_Test@aba625]" started-at="2024-12-12T12:15:51 IST" name="simulateSwiftTxnsAndVerify" finished-at="2024-12-12T12:16:08 IST" duration-ms="16904" status="PASS">
          <reporter-output>
          </reporter-output>
        </test-method> <!-- simulateSwiftTxnsAndVerify -->
        <test-method is-config="true" signature="configAM(org.testng.ITestResult)[pri:0, instance:org.tyss.flinkpay.testcases.SimulateSwiftTxnsAndVerify_Inbound_Test@aba625]" started-at="2024-12-12T12:16:08 IST" name="configAM" finished-at="2024-12-12T12:16:08 IST" duration-ms="449" status="PASS">
          <params>
            <param index="0">
              <value>
                <![CDATA[[TestResult name=simulateSwiftTxnsAndVerify status=SUCCESS method=SimulateSwiftTxnsAndVerify_Inbound_Test.simulateSwiftTxnsAndVerify()[pri:0, instance:org.tyss.flinkpay.testcases.SimulateSwiftTxnsAndVerify_Inbound_Test@aba625] output={null}]]]>
              </value>
            </param>
          </params>
          <reporter-output>
          </reporter-output>
        </test-method> <!-- configAM -->
        <test-method is-config="true" signature="configAC()[pri:0, instance:org.tyss.flinkpay.testcases.SimulateSwiftTxnsAndVerify_Inbound_Test@aba625]" started-at="2024-12-12T12:16:08 IST" name="configAC" finished-at="2024-12-12T12:16:09 IST" duration-ms="162" status="PASS">
          <reporter-output>
          </reporter-output>
        </test-method> <!-- configAC -->
        <test-method is-config="true" signature="configAS()[pri:0, instance:org.tyss.flinkpay.testcases.SimulateSwiftTxnsAndVerify_Inbound_Test@aba625]" started-at="2024-12-12T12:16:09 IST" name="configAS" finished-at="2024-12-12T12:16:09 IST" duration-ms="15" status="PASS">
          <reporter-output>
          </reporter-output>
        </test-method> <!-- configAS -->
      </class> <!-- org.tyss.flinkpay.testcases.SimulateSwiftTxnsAndVerify_Inbound_Test -->
    </test> <!-- Default test -->
  </suite> <!-- Default suite -->
</testng-results>
